<?xml version="1.0" encoding="UTF-8"?>
<!-- Generated by org.testng.reporters.JUnitReportReporter -->
<testsuite hostname="LAPTOP-222BTDR3" name="testbaidu.login" tests="1" failures="0" timestamp="14 Mar 2019 07:41:19 GMT" time="1.628" errors="0">
  <testcase name="Alogin" time="1.628" classname="testbaidu.login"/>
</testsuite> <!-- testbaidu.login -->
